  TemplateCapturingState.cpp
d:\hust\20142\project ii\shaperecognizer\framework\commandbutton.h(58): warning C4244: 'initializing' : conversion from 'double' to 'int', possible loss of data
d:\hust\20142\project ii\shaperecognizer\framework\commandbutton.h(59): warning C4244: 'initializing' : conversion from 'double' to 'int', possible loss of data
d:\hust\20142\project ii\shaperecognizer\framework\commandbutton.h(60): warning C4244: 'initializing' : conversion from 'double' to 'int', possible loss of data
d:\hust\20142\project ii\shaperecognizer\framework\commandbutton.h(61): warning C4244: 'initializing' : conversion from 'double' to 'int', possible loss of data
d:\hust\20142\project ii\shaperecognizer\framework\commandbutton.h(62): warning C4244: 'initializing' : conversion from 'double' to 'int', possible loss of data
d:\hust\20142\project ii\shaperecognizer\framework\commandbutton.h(63): warning C4244: 'initializing' : conversion from 'double' to 'int', possible loss of data
d:\hust\20142\project ii\shaperecognizer\framework\commandbutton.h(75): warning C4244: 'initializing' : conversion from 'double' to 'int', possible loss of data
d:\hust\20142\project ii\shaperecognizer\framework\commandbutton.h(76): warning C4244: 'initializing' : conversion from 'double' to 'int', possible loss of data
d:\hust\20142\project ii\shaperecognizer\framework\commandbuttonmanager.h(32): warning C4018: '<' : signed/unsigned mismatch
d:\hust\20142\project ii\shaperecognizer\framework\commandbuttonmanager.h(103): warning C4018: '<' : signed/unsigned mismatch
d:\hust\20142\project ii\shaperecognizer\states\templatecapturingstate.cpp(96): warning C4018: '<' : signed/unsigned mismatch
d:\hust\20142\project ii\shaperecognizer\states\templatecapturingstate.cpp(105): warning C4018: '<' : signed/unsigned mismatch
d:\hust\20142\project ii\shaperecognizer\states\templatecapturingstate.cpp(114): warning C4018: '<' : signed/unsigned mismatch
d:\hust\20142\project ii\shaperecognizer\states\templatecapturingstate.cpp(185): warning C4018: '<' : signed/unsigned mismatch
d:\hust\20142\project ii\shaperecognizer\states\templatecapturingstate.cpp(188): warning C4244: 'argument' : conversion from 'double' to 'int', possible loss of data
d:\hust\20142\project ii\shaperecognizer\states\templatecapturingstate.cpp(193): warning C4244: 'initializing' : conversion from 'double' to 'int', possible loss of data
d:\hust\20142\project ii\shaperecognizer\states\templatecapturingstate.cpp(194): warning C4244: 'initializing' : conversion from 'double' to 'int', possible loss of data
d:\hust\20142\project ii\shaperecognizer\states\templatecapturingstate.cpp(209): warning C4018: '<' : signed/unsigned mismatch
  ShapeRecognizer.vcxproj -> D:\HUST\20142\Project II\ShapeRecognizer\Debug\ShapeRecognizer.exe
