  TemplateCapturingState.cpp
d:\hust\20142\project ii\shaperecognizer\framework\CommandButton.h(58): warning C4244: 'initializing' : conversion from 'double' to 'int', possible loss of data
d:\hust\20142\project ii\shaperecognizer\framework\CommandButton.h(59): warning C4244: 'initializing' : conversion from 'double' to 'int', possible loss of data
d:\hust\20142\project ii\shaperecognizer\framework\CommandButton.h(60): warning C4244: 'initializing' : conversion from 'double' to 'int', possible loss of data
d:\hust\20142\project ii\shaperecognizer\framework\CommandButton.h(61): warning C4244: 'initializing' : conversion from 'double' to 'int', possible loss of data
d:\hust\20142\project ii\shaperecognizer\framework\CommandButton.h(62): warning C4244: 'initializing' : conversion from 'double' to 'int', possible loss of data
d:\hust\20142\project ii\shaperecognizer\framework\CommandButton.h(63): warning C4244: 'initializing' : conversion from 'double' to 'int', possible loss of data
d:\hust\20142\project ii\shaperecognizer\framework\CommandButton.h(75): warning C4244: 'initializing' : conversion from 'double' to 'int', possible loss of data
d:\hust\20142\project ii\shaperecognizer\framework\CommandButton.h(76): warning C4244: 'initializing' : conversion from 'double' to 'int', possible loss of data
d:\hust\20142\project ii\shaperecognizer\framework\CommandButtonManager.h(32): warning C4018: '<' : signed/unsigned mismatch
d:\hust\20142\project ii\shaperecognizer\framework\CommandButtonManager.h(103): warning C4018: '<' : signed/unsigned mismatch
States\TemplateCapturingState.cpp(94): warning C4018: '<' : signed/unsigned mismatch
States\TemplateCapturingState.cpp(104): warning C4018: '<' : signed/unsigned mismatch
States\TemplateCapturingState.cpp(114): warning C4018: '<' : signed/unsigned mismatch
States\TemplateCapturingState.cpp(186): warning C4018: '<' : signed/unsigned mismatch
States\TemplateCapturingState.cpp(189): warning C4244: 'argument' : conversion from 'double' to 'int', possible loss of data
States\TemplateCapturingState.cpp(194): warning C4244: 'initializing' : conversion from 'double' to 'int', possible loss of data
States\TemplateCapturingState.cpp(195): warning C4244: 'initializing' : conversion from 'double' to 'int', possible loss of data
  main.cpp
d:\hust\20142\project ii\shaperecognizer\framework\CommandButton.h(58): warning C4244: 'initializing' : conversion from 'double' to 'int', possible loss of data
d:\hust\20142\project ii\shaperecognizer\framework\CommandButton.h(59): warning C4244: 'initializing' : conversion from 'double' to 'int', possible loss of data
d:\hust\20142\project ii\shaperecognizer\framework\CommandButton.h(60): warning C4244: 'initializing' : conversion from 'double' to 'int', possible loss of data
d:\hust\20142\project ii\shaperecognizer\framework\CommandButton.h(61): warning C4244: 'initializing' : conversion from 'double' to 'int', possible loss of data
d:\hust\20142\project ii\shaperecognizer\framework\CommandButton.h(62): warning C4244: 'initializing' : conversion from 'double' to 'int', possible loss of data
d:\hust\20142\project ii\shaperecognizer\framework\CommandButton.h(63): warning C4244: 'initializing' : conversion from 'double' to 'int', possible loss of data
d:\hust\20142\project ii\shaperecognizer\framework\CommandButton.h(75): warning C4244: 'initializing' : conversion from 'double' to 'int', possible loss of data
d:\hust\20142\project ii\shaperecognizer\framework\CommandButton.h(76): warning C4244: 'initializing' : conversion from 'double' to 'int', possible loss of data
d:\hust\20142\project ii\shaperecognizer\framework\CommandButtonManager.h(32): warning C4018: '<' : signed/unsigned mismatch
d:\hust\20142\project ii\shaperecognizer\framework\CommandButtonManager.h(103): warning C4018: '<' : signed/unsigned mismatch
  Generating code
  Finished generating code
  ShapeRecognizer.vcxproj -> D:\HUST\20142\Project II\ShapeRecognizer\Release\ShapeRecognizer.exe
